# JRE version: OpenJDK Runtime Environment (8.0_202) (build 1.8.0_202-release-1483-b49-5587405)
# Java VM: OpenJDK 64-Bit Server VM (25.202-b49-5587405 mixed mode linux-amd64 compressed oops)
Heap:
 PSYoungGen      total 328192K, used 21491K [0x00000000e0000000, 0x00000000f5a00000, 0x0000000100000000)
  eden space 306688K, 0% used [0x00000000e0000000,0x00000000e0000000,0x00000000f2b80000)
  from space 21504K, 99% used [0x00000000f2b80000,0x00000000f407cdc0,0x00000000f4080000)
  to   space 18944K, 0% used [0x00000000f4080000,0x00000000f4080000,0x00000000f5300000)
 ParOldGen       total 77824K, used 35815K [0x00000000a0000000, 0x00000000a4c00000, 0x00000000e0000000)
  object space 77824K, 46% used [0x00000000a0000000,0x00000000a22f9c28,0x00000000a4c00000)
 Metaspace       used 72570K, capacity 75190K, committed 75264K, reserved 1114112K
  class space    used 9432K, capacity 9949K, committed 9984K, reserved 1048576K
GC Heap History (10 events):
Event: 400.540 GC heap after
Heap after GC invocations=17 (full 2):
 PSYoungGen      total 215552K, used 11064K [0x00000000e0000000, 0x00000000f1500000, 0x0000000100000000)
  eden space 201728K, 0% used [0x00000000e0000000,0x00000000e0000000,0x00000000ec500000)
  from space 13824K, 80% used [0x00000000ec500000,0x00000000ecfce240,0x00000000ed280000)
  to   space 14848K, 0% used [0x00000000f0680000,0x00000000f0680000,0x00000000f1500000)
 ParOldGen       total 51712K, used 15519K [0x00000000a0000000, 0x00000000a3280000, 0x00000000e0000000)
  object space 51712K, 30% used [0x00000000a0000000,0x00000000a0f27cb8,0x00000000a3280000)
 Metaspace       used 45715K, capacity 47010K, committed 47104K, reserved 1089536K
  class space    used 5835K, capacity 6097K, committed 6144K, reserved 1048576K
}
Event: 407.247 GC heap before
{Heap before GC invocations=18 (full 2):
 PSYoungGen      total 215552K, used 212792K [0x00000000e0000000, 0x00000000f1500000, 0x0000000100000000)
  eden space 201728K, 100% used [0x00000000e0000000,0x00000000ec500000,0x00000000ec500000)
  from space 13824K, 80% used [0x00000000ec500000,0x00000000ecfce240,0x00000000ed280000)
  to   space 14848K, 0% used [0x00000000f0680000,0x00000000f0680000,0x00000000f1500000)
 ParOldGen       total 51712K, used 15519K [0x00000000a0000000, 0x00000000a3280000, 0x00000000e0000000)
  object space 51712K, 30% used [0x00000000a0000000,0x00000000a0f27cb8,0x00000000a3280000)
 Metaspace       used 53728K, capacity 55406K, committed 55680K, reserved 1097728K
  class space    used 6867K, capacity 7179K, committed 7296K, reserved 1048576K
Event: 407.336 GC heap after
Heap after GC invocations=18 (full 2):
 PSYoungGen      total 265216K, used 14833K [0x00000000e0000000, 0x00000000f1f80000, 0x0000000100000000)
  eden space 250368K, 0% used [0x00000000e0000000,0x00000000e0000000,0x00000000ef480000)
  from space 14848K, 99% used [0x00000000f0680000,0x00000000f14fc470,0x00000000f1500000)
  to   space 18432K, 0% used [0x00000000ef480000,0x00000000ef480000,0x00000000f0680000)
 ParOldGen       total 51712K, used 19691K [0x00000000a0000000, 0x00000000a3280000, 0x00000000e0000000)
  object space 51712K, 38% used [0x00000000a0000000,0x00000000a133adb0,0x00000000a3280000)
 Metaspace       used 53728K, capacity 55406K, committed 55680K, reserved 1097728K
  class space    used 6867K, capacity 7179K, committed 7296K, reserved 1048576K
}
Event: 410.097 GC heap before
{Heap before GC invocations=19 (full 2):
 PSYoungGen      total 265216K, used 77256K [0x00000000e0000000, 0x00000000f1f80000, 0x0000000100000000)
  eden space 250368K, 24% used [0x00000000e0000000,0x00000000e3cf5f30,0x00000000ef480000)
  from space 14848K, 99% used [0x00000000f0680000,0x00000000f14fc470,0x00000000f1500000)
  to   space 18432K, 0% used [0x00000000ef480000,0x00000000ef480000,0x00000000f0680000)
 ParOldGen       total 51712K, used 19691K [0x00000000a0000000, 0x00000000a3280000, 0x00000000e0000000)
  object space 51712K, 38% used [0x00000000a0000000,0x00000000a133adb0,0x00000000a3280000)
 Metaspace       used 57068K, capacity 58972K, committed 59096K, reserved 1101824K
  class space    used 7299K, capacity 7707K, committed 7808K, reserved 1048576K
Event: 410.199 GC heap after
Heap after GC invocations=19 (full 2):
 PSYoungGen      total 268800K, used 12049K [0x00000000e0000000, 0x00000000f5300000, 0x0000000100000000)
  eden space 250368K, 0% used [0x00000000e0000000,0x00000000e0000000,0x00000000ef480000)
  from space 18432K, 65% used [0x00000000ef480000,0x00000000f00444f8,0x00000000f0680000)
  to   space 18944K, 0% used [0x00000000f4080000,0x00000000f4080000,0x00000000f5300000)
 ParOldGen       total 51712K, used 27231K [0x00000000a0000000, 0x00000000a3280000, 0x00000000e0000000)
  object space 51712K, 52% used [0x00000000a0000000,0x00000000a1a97cf8,0x00000000a3280000)
 Metaspace       used 57068K, capacity 58972K, committed 59096K, reserved 1101824K
  class space    used 7299K, capacity 7707K, committed 7808K, reserved 1048576K
}
Event: 410.199 GC heap before
{Heap before GC invocations=20 (full 3):
 PSYoungGen      total 268800K, used 12049K [0x00000000e0000000, 0x00000000f5300000, 0x0000000100000000)
  eden space 250368K, 0% used [0x00000000e0000000,0x00000000e0000000,0x00000000ef480000)
  from space 18432K, 65% used [0x00000000ef480000,0x00000000f00444f8,0x00000000f0680000)
  to   space 18944K, 0% used [0x00000000f4080000,0x00000000f4080000,0x00000000f5300000)
 ParOldGen       total 51712K, used 27231K [0x00000000a0000000, 0x00000000a3280000, 0x00000000e0000000)
  object space 51712K, 52% used [0x00000000a0000000,0x00000000a1a97cf8,0x00000000a3280000)
 Metaspace       used 57068K, capacity 58972K, committed 59096K, reserved 1101824K
  class space    used 7299K, capacity 7707K, committed 7808K, reserved 1048576K
Event: 410.685 GC heap after
Heap after GC invocations=20 (full 3):
 PSYoungGen      total 268800K, used 0K [0x00000000e0000000, 0x00000000f5300000, 0x0000000100000000)
  eden space 250368K, 0% used [0x00000000e0000000,0x00000000e0000000,0x00000000ef480000)
  from space 18432K, 0% used [0x00000000ef480000,0x00000000ef480000,0x00000000f0680000)
  to   space 18944K, 0% used [0x00000000f4080000,0x00000000f4080000,0x00000000f5300000)
 ParOldGen       total 77824K, used 32374K [0x00000000a0000000, 0x00000000a4c00000, 0x00000000e0000000)
  object space 77824K, 41% used [0x00000000a0000000,0x00000000a1f9d8e0,0x00000000a4c00000)
 Metaspace       used 57008K, capacity 58848K, committed 59096K, reserved 1101824K
  class space    used 7281K, capacity 7687K, committed 7808K, reserved 1048576K
}
Event: 479.126 GC heap before
{Heap before GC invocations=21 (full 3):
 PSYoungGen      total 268800K, used 250368K [0x00000000e0000000, 0x00000000f5300000, 0x0000000100000000)
  eden space 250368K, 100% used [0x00000000e0000000,0x00000000ef480000,0x00000000ef480000)
  from space 18432K, 0% used [0x00000000ef480000,0x00000000ef480000,0x00000000f0680000)
  to   space 18944K, 0% used [0x00000000f4080000,0x00000000f4080000,0x00000000f5300000)
 ParOldGen       total 77824K, used 32374K [0x00000000a0000000, 0x00000000a4c00000, 0x00000000e0000000)
  object space 77824K, 41% used [0x00000000a0000000,0x00000000a1f9d8e0,0x00000000a4c00000)
 Metaspace       used 69294K, capacity 71780K, committed 71936K, reserved 1112064K
  class space    used 9122K, capacity 9652K, committed 9728K, reserved 1048576K
Event: 479.224 GC heap after
Heap after GC invocations=21 (full 3):
 PSYoungGen      total 325632K, used 18023K [0x00000000e0000000, 0x00000000f5a00000, 0x0000000100000000)
  eden space 306688K, 0% used [0x00000000e0000000,0x00000000e0000000,0x00000000f2b80000)
  from space 18944K, 95% used [0x00000000f4080000,0x00000000f5219c20,0x00000000f5300000)
  to   space 21504K, 0% used [0x00000000f2b80000,0x00000000f2b80000,0x00000000f4080000)
 ParOldGen       total 77824K, used 32382K [0x00000000a0000000, 0x00000000a4c00000, 0x00000000e0000000)
  object space 77824K, 41% used [0x00000000a0000000,0x00000000a1f9f8e0,0x00000000a4c00000)
 Metaspace       used 69294K, capacity 71780K, committed 71936K, reserved 1112064K
  class space    used 9122K, capacity 9652K, committed 9728K, reserved 1048576K
}
Event: 623.886 GC heap before
{Heap before GC invocations=22 (full 3):
 PSYoungGen      total 325632K, used 324711K [0x00000000e0000000, 0x00000000f5a00000, 0x0000000100000000)
  eden space 306688K, 100% used [0x00000000e0000000,0x00000000f2b80000,0x00000000f2b80000)
  from space 18944K, 95% used [0x00000000f4080000,0x00000000f5219c20,0x00000000f5300000)
  to   space 21504K, 0% used [0x00000000f2b80000,0x00000000f2b80000,0x00000000f4080000)
 ParOldGen       total 77824K, used 32382K [0x00000000a0000000, 0x00000000a4c00000, 0x00000000e0000000)
  object space 77824K, 41% used [0x00000000a0000000,0x00000000a1f9f8e0,0x00000000a4c00000)
 Metaspace       used 72570K, capacity 75190K, committed 75264K, reserved 1114112K
  class space    used 9432K, capacity 9949K, committed 9984K, reserved 1048576K

