# JRE version: OpenJDK Runtime Environment (8.0_202) (build 1.8.0_202-release-1483-b49-5587405)
# Java VM: OpenJDK 64-Bit Server VM (25.202-b49-5587405 mixed mode linux-amd64 compressed oops)
Heap:
 PSYoungGen      total 164352K, used 9098K [0x00000000e0000000, 0x00000000eaf80000, 0x0000000100000000)
  eden space 148992K, 0% used [0x00000000e0000000,0x00000000e0000000,0x00000000e9180000)
  from space 15360K, 59% used [0x00000000e9180000,0x00000000e9a628a0,0x00000000ea080000)
  to   space 14336K, 0% used [0x00000000ea180000,0x00000000ea180000,0x00000000eaf80000)
 ParOldGen       total 77824K, used 40295K [0x00000000a0000000, 0x00000000a4c00000, 0x00000000e0000000)
  object space 77824K, 51% used [0x00000000a0000000,0x00000000a2759c40,0x00000000a4c00000)
 Metaspace       used 62921K, capacity 65136K, committed 65408K, reserved 1105920K
  class space    used 8524K, capacity 8997K, committed 9088K, reserved 1048576K
GC Heap History (10 events):
Event: 49.433 GC heap after
Heap after GC invocations=17 (full 2):
 PSYoungGen      total 101376K, used 7657K [0x00000000e0000000, 0x00000000e8f00000, 0x0000000100000000)
  eden space 93696K, 0% used [0x00000000e0000000,0x00000000e0000000,0x00000000e5b80000)
  from space 7680K, 99% used [0x00000000e5b80000,0x00000000e62fa7f8,0x00000000e6300000)
  to   space 10240K, 0% used [0x00000000e8500000,0x00000000e8500000,0x00000000e8f00000)
 ParOldGen       total 48640K, used 19296K [0x00000000a0000000, 0x00000000a2f80000, 0x00000000e0000000)
  object space 48640K, 39% used [0x00000000a0000000,0x00000000a12d8310,0x00000000a2f80000)
 Metaspace       used 43713K, capacity 44916K, committed 45184K, reserved 1087488K
  class space    used 5926K, capacity 6181K, committed 6272K, reserved 1048576K
}
Event: 75.965 GC heap before
{Heap before GC invocations=18 (full 2):
 PSYoungGen      total 101376K, used 101353K [0x00000000e0000000, 0x00000000e8f00000, 0x0000000100000000)
  eden space 93696K, 100% used [0x00000000e0000000,0x00000000e5b80000,0x00000000e5b80000)
  from space 7680K, 99% used [0x00000000e5b80000,0x00000000e62fa7f8,0x00000000e6300000)
  to   space 10240K, 0% used [0x00000000e8500000,0x00000000e8500000,0x00000000e8f00000)
 ParOldGen       total 48640K, used 19296K [0x00000000a0000000, 0x00000000a2f80000, 0x00000000e0000000)
  object space 48640K, 39% used [0x00000000a0000000,0x00000000a12d8310,0x00000000a2f80000)
 Metaspace       used 50396K, capacity 51976K, committed 52096K, reserved 1093632K
  class space    used 6810K, capacity 7222K, committed 7296K, reserved 1048576K
Event: 77.054 GC heap after
Heap after GC invocations=18 (full 2):
 PSYoungGen      total 132096K, used 10218K [0x00000000e0000000, 0x00000000e9980000, 0x0000000100000000)
  eden space 121856K, 0% used [0x00000000e0000000,0x00000000e0000000,0x00000000e7700000)
  from space 10240K, 99% used [0x00000000e8500000,0x00000000e8efa878,0x00000000e8f00000)
  to   space 14336K, 0% used [0x00000000e7700000,0x00000000e7700000,0x00000000e8500000)
 ParOldGen       total 48640K, used 25998K [0x00000000a0000000, 0x00000000a2f80000, 0x00000000e0000000)
  object space 48640K, 53% used [0x00000000a0000000,0x00000000a1963a60,0x00000000a2f80000)
 Metaspace       used 50396K, capacity 51976K, committed 52096K, reserved 1093632K
  class space    used 6810K, capacity 7222K, committed 7296K, reserved 1048576K
}
Event: 230.714 GC heap before
{Heap before GC invocations=19 (full 2):
 PSYoungGen      total 132096K, used 123001K [0x00000000e0000000, 0x00000000e9980000, 0x0000000100000000)
  eden space 121856K, 92% used [0x00000000e0000000,0x00000000e6e23e18,0x00000000e7700000)
  from space 10240K, 99% used [0x00000000e8500000,0x00000000e8efa878,0x00000000e8f00000)
  to   space 14336K, 0% used [0x00000000e7700000,0x00000000e7700000,0x00000000e8500000)
 ParOldGen       total 48640K, used 25998K [0x00000000a0000000, 0x00000000a2f80000, 0x00000000e0000000)
  object space 48640K, 53% used [0x00000000a0000000,0x00000000a1963a60,0x00000000a2f80000)
 Metaspace       used 56984K, capacity 58954K, committed 59096K, reserved 1099776K
  class space    used 7778K, capacity 8231K, committed 8320K, reserved 1048576K
Event: 232.538 GC heap after
Heap after GC invocations=19 (full 2):
 PSYoungGen      total 136192K, used 9272K [0x00000000e0000000, 0x00000000eb000000, 0x0000000100000000)
  eden space 121856K, 0% used [0x00000000e0000000,0x00000000e0000000,0x00000000e7700000)
  from space 14336K, 64% used [0x00000000e7700000,0x00000000e800e160,0x00000000e8500000)
  to   space 14848K, 0% used [0x00000000ea180000,0x00000000ea180000,0x00000000eb000000)
 ParOldGen       total 48640K, used 30832K [0x00000000a0000000, 0x00000000a2f80000, 0x00000000e0000000)
  object space 48640K, 63% used [0x00000000a0000000,0x00000000a1e1c2f0,0x00000000a2f80000)
 Metaspace       used 56984K, capacity 58954K, committed 59096K, reserved 1099776K
  class space    used 7778K, capacity 8231K, committed 8320K, reserved 1048576K
}
Event: 232.538 GC heap before
{Heap before GC invocations=20 (full 3):
 PSYoungGen      total 136192K, used 9272K [0x00000000e0000000, 0x00000000eb000000, 0x0000000100000000)
  eden space 121856K, 0% used [0x00000000e0000000,0x00000000e0000000,0x00000000e7700000)
  from space 14336K, 64% used [0x00000000e7700000,0x00000000e800e160,0x00000000e8500000)
  to   space 14848K, 0% used [0x00000000ea180000,0x00000000ea180000,0x00000000eb000000)
 ParOldGen       total 48640K, used 30832K [0x00000000a0000000, 0x00000000a2f80000, 0x00000000e0000000)
  object space 48640K, 63% used [0x00000000a0000000,0x00000000a1e1c2f0,0x00000000a2f80000)
 Metaspace       used 56984K, capacity 58954K, committed 59096K, reserved 1099776K
  class space    used 7778K, capacity 8231K, committed 8320K, reserved 1048576K
Event: 233.685 GC heap after
Heap after GC invocations=20 (full 3):
 PSYoungGen      total 136192K, used 0K [0x00000000e0000000, 0x00000000eb000000, 0x0000000100000000)
  eden space 121856K, 0% used [0x00000000e0000000,0x00000000e0000000,0x00000000e7700000)
  from space 14336K, 0% used [0x00000000e7700000,0x00000000e7700000,0x00000000e8500000)
  to   space 14848K, 0% used [0x00000000ea180000,0x00000000ea180000,0x00000000eb000000)
 ParOldGen       total 77824K, used 33905K [0x00000000a0000000, 0x00000000a4c00000, 0x00000000e0000000)
  object space 77824K, 43% used [0x00000000a0000000,0x00000000a211c660,0x00000000a4c00000)
 Metaspace       used 56978K, capacity 58936K, committed 59096K, reserved 1099776K
  class space    used 7776K, capacity 8228K, committed 8320K, reserved 1048576K
}
Event: 688.938 GC heap before
{Heap before GC invocations=21 (full 3):
 PSYoungGen      total 136192K, used 121856K [0x00000000e0000000, 0x00000000eb000000, 0x0000000100000000)
  eden space 121856K, 100% used [0x00000000e0000000,0x00000000e7700000,0x00000000e7700000)
  from space 14336K, 0% used [0x00000000e7700000,0x00000000e7700000,0x00000000e8500000)
  to   space 14848K, 0% used [0x00000000ea180000,0x00000000ea180000,0x00000000eb000000)
 ParOldGen       total 77824K, used 33905K [0x00000000a0000000, 0x00000000a4c00000, 0x00000000e0000000)
  object space 77824K, 43% used [0x00000000a0000000,0x00000000a211c660,0x00000000a4c00000)
 Metaspace       used 62373K, capacity 64528K, committed 64896K, reserved 1105920K
  class space    used 8496K, capacity 8965K, committed 9088K, reserved 1048576K
Event: 689.765 GC heap after
Heap after GC invocations=21 (full 3):
 PSYoungGen      total 163328K, used 10186K [0x00000000e0000000, 0x00000000eaf80000, 0x0000000100000000)
  eden space 148992K, 0% used [0x00000000e0000000,0x00000000e0000000,0x00000000e9180000)
  from space 14336K, 71% used [0x00000000ea180000,0x00000000eab728c8,0x00000000eaf80000)
  to   space 15360K, 0% used [0x00000000e9180000,0x00000000e9180000,0x00000000ea080000)
 ParOldGen       total 77824K, used 33913K [0x00000000a0000000, 0x00000000a4c00000, 0x00000000e0000000)
  object space 77824K, 43% used [0x00000000a0000000,0x00000000a211e660,0x00000000a4c00000)
 Metaspace       used 62373K, capacity 64528K, committed 64896K, reserved 1105920K
  class space    used 8496K, capacity 8965K, committed 9088K, reserved 1048576K
}
Event: 710.843 GC heap before
{Heap before GC invocations=22 (full 3):
 PSYoungGen      total 163328K, used 159178K [0x00000000e0000000, 0x00000000eaf80000, 0x0000000100000000)
  eden space 148992K, 100% used [0x00000000e0000000,0x00000000e9180000,0x00000000e9180000)
  from space 14336K, 71% used [0x00000000ea180000,0x00000000eab728c8,0x00000000eaf80000)
  to   space 15360K, 0% used [0x00000000e9180000,0x00000000e9180000,0x00000000ea080000)
 ParOldGen       total 77824K, used 33913K [0x00000000a0000000, 0x00000000a4c00000, 0x00000000e0000000)
  object space 77824K, 43% used [0x00000000a0000000,0x00000000a211e660,0x00000000a4c00000)
 Metaspace       used 62921K, capacity 65136K, committed 65408K, reserved 1105920K
  class space    used 8524K, capacity 8997K, committed 9088K, reserved 1048576K

